[INFO] Scanning for projects...
[INFO] 
[INFO] --------------------< com.stationery:auth-service >---------------------
[INFO] Building auth-service 0.0.1-SNAPSHOT
[INFO]   from pom.xml
[INFO] --------------------------------[ jar ]---------------------------------
[INFO] 
[INFO] --- resources:3.3.1:resources (default-resources) @ auth-service ---
[INFO] Copying 1 resource from src\main\resources to target\classes
[INFO] Copying 0 resource from src\main\resources to target\classes
[INFO] 
[INFO] --- compiler:3.14.1:compile (default-compile) @ auth-service ---
[INFO] Recompiling the module because of changed source code.
[INFO] Compiling 11 source files with javac [debug parameters release 17] to target\classes
[INFO] -------------------------------------------------------------
[ERROR] COMPILATION ERROR : 
[INFO] -------------------------------------------------------------
[ERROR] /C:/Users/sange/Desktop/Assignment_CTSE/auth-service/src/main/java/com/stationery/auth_service/controller/AuthController.java:[19,12] cannot find symbol
  symbol:   class User
  location: class com.stationery.auth_service.controller.AuthController
[INFO] 1 error
[INFO] -------------------------------------------------------------
[INFO] ------------------------------------------------------------------------
[INFO] BUILD FAILURE
[INFO] ------------------------------------------------------------------------
[INFO] Total time:  6.618 s
[INFO] Finished at: 2026-03-16T15:41:45+05:30
[INFO] ------------------------------------------------------------------------
[ERROR] Failed to execute goal org.apache.maven.plugins:maven-compiler-plugin:3.14.1:compile (default-compile) on project auth-service: Compilation failure
[ERROR] /C:/Users/sange/Desktop/Assignment_CTSE/auth-service/src/main/java/com/stationery/auth_service/controller/AuthController.java:[19,12] cannot find symbol
[ERROR]   symbol:   class User
[ERROR]   location: class com.stationery.auth_service.controller.AuthController
[ERROR] 
[ERROR] -> [Help 1]
[ERROR] 
[ERROR] To see the full stack trace of the errors, re-run Maven with the -e switch.
[ERROR] Re-run Maven using the -X switch to enable full debug logging.
[ERROR] 
[ERROR] For more information about the errors and possible solutions, please read the following articles:
[ERROR] [Help 1] http://cwiki.apache.org/confluence/display/MAVEN/MojoFailureException
